<?xml version="1.0" encoding="UTF-8"?>
<!-- Generated by org.testng.reporters.JUnitReportReporter -->
<testsuite hostname="INX178777" name="SRM623.CatchTheBeatEasyTest" tests="1" failures="0" timestamp="6 Jun 2014 09:07:05 GMT" time="49.518" errors="0">
  <testcase name="catchTheBeatEasyTest" time="49.518" classname="SRM623.CatchTheBeatEasyTest"/>
</testsuite> <!-- SRM623.CatchTheBeatEasyTest -->
