<?xml version="1.0" encoding="UTF-8"?>
<!-- Generated by org.testng.reporters.JUnitReportReporter -->
<testsuite hostname="INX178777" name="SRM624.GameOfSegmentsTest" tests="1" failures="0" timestamp="21 Jun 2014 18:37:28 GMT" time="0.024" errors="0">
  <testcase name="f" time="0.024" classname="SRM624.GameOfSegmentsTest"/>
</testsuite> <!-- SRM624.GameOfSegmentsTest -->
