<?xml version="1.0" encoding="UTF-8"?>
<!-- Generated by org.testng.reporters.JUnitReportReporter -->
<testsuite hostname="INX178777" name="SRM622.BoxesDiv2Test" tests="1" failures="0" timestamp="2 Jun 2014 08:08:15 GMT" time="0.008" errors="0">
  <testcase name="testBoxesDiv2" time="0.008" classname="SRM622.BoxesDiv2Test"/>
</testsuite> <!-- SRM622.BoxesDiv2Test -->
