<?xml version="1.0" encoding="UTF-8"?>
<!-- Generated by org.testng.reporters.JUnitReportReporter -->
<testsuite hostname="INX178777" name="SRM622.SubsetsTest" tests="1" failures="0" timestamp="2 Jun 2014 20:40:57 GMT" time="0.008" errors="0">
  <testcase name="SubsetsTestTest" time="0.008" classname="SRM622.SubsetsTest"/>
</testsuite> <!-- SRM622.SubsetsTest -->
