<?xml version="1.0" encoding="UTF-8"?>
<!-- Generated by org.testng.reporters.JUnitReportReporter -->
<testsuite hostname="INX178777" name="SRM621.MixingColorsTest" tests="1" failures="0" timestamp="21 Jun 2014 10:58:40 GMT" time="0.008" errors="0">
  <testcase name="f" time="0.008" classname="SRM621.MixingColorsTest"/>
</testsuite> <!-- SRM621.MixingColorsTest -->
