<?xml version="1.0" encoding="UTF-8"?>
<!-- Generated by org.testng.reporters.JUnitReportReporter -->
<testsuite hostname="INX178777" name="SRM623.CatAndRatTest" tests="1" failures="0" timestamp="6 Jun 2014 11:28:44 GMT" time="12.984" errors="0">
  <testcase name="catAndRatTest" time="12.984" classname="SRM623.CatAndRatTest"/>
</testsuite> <!-- SRM623.CatAndRatTest -->
