<?xml version="1.0" encoding="UTF-8"?>
<!-- Generated by org.testng.reporters.JUnitReportReporter -->
<testsuite hostname="INX178777" name="SRM622.FibonacciDiv2Test" tests="1" failures="0" timestamp="2 Jun 2014 06:50:20 GMT" time="0.010" errors="0">
  <testcase name="f" time="0.010" classname="SRM622.FibonacciDiv2Test"/>
</testsuite> <!-- SRM622.FibonacciDiv2Test -->
