<?xml version="1.0" encoding="UTF-8"?>
<!-- Generated by org.testng.reporters.JUnitReportReporter -->
<testsuite hostname="INX178777" name="SRM621.TwoWaysSortingTest" tests="1" failures="0" timestamp="6 Jun 2014 14:08:55 GMT" time="0.014" errors="0">
  <testcase name="twoWaysSortingTest" time="0.014" classname="SRM621.TwoWaysSortingTest"/>
</testsuite> <!-- SRM621.TwoWaysSortingTest -->
