<?xml version="1.0" encoding="UTF-8"?>
<!-- Generated by org.testng.reporters.JUnitReportReporter -->
<testsuite hostname="INX178777" name="SRM623.AppleAndPearsTest" tests="1" failures="0" timestamp="21 Jun 2014 15:27:03 GMT" time="0.008" errors="0">
  <testcase name="appleAndPearsTest" time="0.008" classname="SRM623.AppleAndPearsTest"/>
</testsuite> <!-- SRM623.AppleAndPearsTest -->
