<?xml version="1.0" encoding="UTF-8"?>
<!-- Generated by org.testng.reporters.JUnitReportReporter -->
<testsuite hostname="INX178777" name="UnionFind.UnionFindTests" tests="2" failures="0" timestamp="25 May 2014 06:38:50 GMT" time="0.009" errors="0">
  <testcase name="testOperationsAfterSomeOperations" time="0.008" classname="UnionFind.UnionFindTests"/>
  <testcase name="testOperationsAtInitilization" time="0.001" classname="UnionFind.UnionFindTests"/>
</testsuite> <!-- UnionFind.UnionFindTests -->
