<?xml version="1.0" encoding="UTF-8"?>
<!-- Generated by org.testng.reporters.JUnitReportReporter -->
<testsuite hostname="INX178777" name="com.sunny.tree.trie.RWayTrieTest" tests="3" failures="0" timestamp="25 May 2014 19:46:00 GMT" time="0.011" errors="0">
  <testcase name="testContains" time="0.004" classname="com.sunny.tree.trie.RWayTrieTest"/>
  <testcase name="testGetValue" time="0.001" classname="com.sunny.tree.trie.RWayTrieTest"/>
  <testcase name="testDelete" time="0.006" classname="com.sunny.tree.trie.RWayTrieTest"/>
</testsuite> <!-- com.sunny.tree.trie.RWayTrieTest -->
