<?xml version="1.0" encoding="UTF-8"?>
<!-- Generated by org.testng.reporters.JUnitReportReporter -->
<testsuite hostname="INX178777" name="com.sunny.tree.trie.TernaryTrieTest" tests="3" failures="0" timestamp="18 Jun 2014 15:16:19 GMT" time="0.110" errors="0">
  <testcase name="testGetValue" time="0.082" classname="com.sunny.tree.trie.TernaryTrieTest"/>
  <testcase name="testDelete" time="0.003" classname="com.sunny.tree.trie.TernaryTrieTest"/>
  <testcase name="testContains" time="0.025" classname="com.sunny.tree.trie.TernaryTrieTest"/>
</testsuite> <!-- com.sunny.tree.trie.TernaryTrieTest -->
