<?xml version="1.0" encoding="UTF-8"?>
<!-- Generated by org.testng.reporters.JUnitReportReporter -->
<testsuite hostname="INX178777" name="com.sunny.tree.intervaltree.IntervalTreeTest" tests="1" failures="0" timestamp="26 Jun 2014 14:50:37 GMT" time="0.008" errors="0">
  <testcase name="f" time="0.008" classname="com.sunny.tree.intervaltree.IntervalTreeTest"/>
</testsuite> <!-- com.sunny.tree.intervaltree.IntervalTreeTest -->
