<?xml version="1.0" encoding="UTF-8"?>
<!-- Generated by org.testng.reporters.JUnitReportReporter -->
<testsuite hostname="INX178777" name="com.sunny.unionfind.UnionFindTests" tests="2" failures="0" timestamp="10 Jul 2014 09:21:47 GMT" time="0.023" errors="0">
  <testcase name="testOperationsAtInitilization" time="0.001" classname="com.sunny.unionfind.UnionFindTests"/>
  <testcase name="testOperationsAfterSomeOperations" time="0.022" classname="com.sunny.unionfind.UnionFindTests"/>
</testsuite> <!-- com.sunny.unionfind.UnionFindTests -->
