<?xml version="1.0" encoding="UTF-8"?>
<!-- Generated by org.testng.reporters.JUnitReportReporter -->
<testsuite hostname="INX178777" name="heap.GenericMinHeapTests" tests="2" failures="0" timestamp="24 May 2014 19:57:06 GMT" time="0.009" errors="0">
  <testcase name="testAddElement" time="0.008" classname="heap.GenericMinHeapTests"/>
  <testcase name="testExtractMin" time="0.001" classname="heap.GenericMinHeapTests"/>
</testsuite> <!-- heap.GenericMinHeapTests -->
